Microsoft.Hosting.Lifetime Now listening on: https://localhost:7204
Microsoft.Hosting.Lifetime Now listening on: http://localhost:5204
Microsoft.Hosting.Lifetime Application started. Press Ctrl+C to shut down.
Microsoft.Hosting.Lifetime Hosting environment: Development
Microsoft.Hosting.Lifetime Content root path: C:\Users\Marcin\Desktop\doPZ\APIpz\
Microsoft.Hosting.Lifetime Now listening on: https://localhost:7204
Microsoft.Hosting.Lifetime Now listening on: http://localhost:5204
Microsoft.Hosting.Lifetime Application started. Press Ctrl+C to shut down.
Microsoft.Hosting.Lifetime Hosting environment: Development
Microsoft.Hosting.Lifetime Content root path: C:\Users\Marcin\Desktop\doPZ\APIpz\
Microsoft.Hosting.Lifetime Now listening on: https://localhost:7204
Microsoft.Hosting.Lifetime Now listening on: http://localhost:5204
Microsoft.Hosting.Lifetime Application started. Press Ctrl+C to shut down.
Microsoft.Hosting.Lifetime Hosting environment: Development
Microsoft.Hosting.Lifetime Content root path: C:\Users\Marcin\Desktop\doPZ\APIpz\
Microsoft.Hosting.Lifetime Now listening on: https://localhost:7204
Microsoft.Hosting.Lifetime Now listening on: http://localhost:5204
Microsoft.Hosting.Lifetime Application started. Press Ctrl+C to shut down.
Microsoft.Hosting.Lifetime Hosting environment: Development
Microsoft.Hosting.Lifetime Content root path: C:\Users\Marcin\Desktop\doPZ\APIpz\
Microsoft.Hosting.Lifetime Now listening on: https://localhost:7204
Microsoft.Hosting.Lifetime Now listening on: http://localhost:5204
Microsoft.Hosting.Lifetime Application started. Press Ctrl+C to shut down.
Microsoft.Hosting.Lifetime Hosting environment: Development
Microsoft.Hosting.Lifetime Content root path: C:\Users\Marcin\Desktop\doPZ\APIpz\
Microsoft.Hosting.Lifetime Now listening on: https://localhost:7204
Microsoft.Hosting.Lifetime Now listening on: http://localhost:5204
Microsoft.Hosting.Lifetime Application started. Press Ctrl+C to shut down.
Microsoft.Hosting.Lifetime Hosting environment: Development
Microsoft.Hosting.Lifetime Content root path: C:\Users\Marcin\Desktop\doPZ\APIpz\
Microsoft.Hosting.Lifetime Now listening on: https://localhost:7204
Microsoft.Hosting.Lifetime Now listening on: http://localhost:5204
Microsoft.Hosting.Lifetime Application started. Press Ctrl+C to shut down.
Microsoft.Hosting.Lifetime Hosting environment: Development
Microsoft.Hosting.Lifetime Content root path: C:\Users\Marcin\Desktop\doPZ\APIpz\
Microsoft.Hosting.Lifetime Now listening on: https://localhost:7204
Microsoft.Hosting.Lifetime Now listening on: http://localhost:5204
Microsoft.Hosting.Lifetime Application started. Press Ctrl+C to shut down.
Microsoft.Hosting.Lifetime Hosting environment: Development
Microsoft.Hosting.Lifetime Content root path: C:\Users\Marcin\Desktop\doPZ\APIpz\
