\BOOKMARK [0][-]{chapter.1}{\376\377\0001\000\040\000N\000a\000m\000e\000s\000p\000a\000c\000e\000\040\000I\000n\000d\000e\000x}{}% 1
\BOOKMARK [1][-]{section.1.1}{\376\377\0001\000.\0001\000\040\000P\000a\000c\000k\000a\000g\000e\000\040\000L\000i\000s\000t}{chapter.1}% 2
\BOOKMARK [0][-]{chapter.2}{\376\377\0002\000\040\000H\000i\000e\000r\000a\000r\000c\000h\000i\000c\000a\000l\000\040\000I\000n\000d\000e\000x}{}% 3
\BOOKMARK [1][-]{section.2.1}{\376\377\0002\000.\0001\000\040\000C\000l\000a\000s\000s\000\040\000H\000i\000e\000r\000a\000r\000c\000h\000y}{chapter.2}% 4
\BOOKMARK [0][-]{chapter.3}{\376\377\0003\000\040\000C\000l\000a\000s\000s\000\040\000I\000n\000d\000e\000x}{}% 5
\BOOKMARK [1][-]{section.3.1}{\376\377\0003\000.\0001\000\040\000C\000l\000a\000s\000s\000\040\000L\000i\000s\000t}{chapter.3}% 6
\BOOKMARK [0][-]{chapter.4}{\376\377\0004\000\040\000N\000a\000m\000e\000s\000p\000a\000c\000e\000\040\000D\000o\000c\000u\000m\000e\000n\000t\000a\000t\000i\000o\000n}{}% 7
\BOOKMARK [1][-]{section.4.1}{\376\377\0004\000.\0001\000\040\000U\000r\000b\000e\000x\000e\000r\000\040\000N\000a\000m\000e\000s\000p\000a\000c\000e\000\040\000R\000e\000f\000e\000r\000e\000n\000c\000e}{chapter.4}% 8
\BOOKMARK [1][-]{section.4.2}{\376\377\0004\000.\0002\000\040\000U\000r\000b\000e\000x\000e\000r\000.\000C\000o\000n\000t\000r\000o\000l\000s\000\040\000N\000a\000m\000e\000s\000p\000a\000c\000e\000\040\000R\000e\000f\000e\000r\000e\000n\000c\000e}{chapter.4}% 9
\BOOKMARK [1][-]{section.4.3}{\376\377\0004\000.\0003\000\040\000U\000r\000b\000e\000x\000e\000r\000.\000M\000o\000d\000e\000l\000s\000\040\000N\000a\000m\000e\000s\000p\000a\000c\000e\000\040\000R\000e\000f\000e\000r\000e\000n\000c\000e}{chapter.4}% 10
\BOOKMARK [1][-]{section.4.4}{\376\377\0004\000.\0004\000\040\000U\000r\000b\000e\000x\000e\000r\000.\000M\000o\000d\000e\000l\000s\000.\000A\000p\000i\000M\000o\000d\000e\000l\000s\000\040\000N\000a\000m\000e\000s\000p\000a\000c\000e\000\040\000R\000e\000f\000e\000r\000e\000n\000c\000e}{chapter.4}% 11
\BOOKMARK [1][-]{section.4.5}{\376\377\0004\000.\0005\000\040\000U\000r\000b\000e\000x\000e\000r\000.\000M\000o\000d\000e\000l\000s\000.\000E\000n\000u\000m\000s\000\040\000N\000a\000m\000e\000s\000p\000a\000c\000e\000\040\000R\000e\000f\000e\000r\000e\000n\000c\000e}{chapter.4}% 12
\BOOKMARK [1][-]{section.4.6}{\376\377\0004\000.\0006\000\040\000U\000r\000b\000e\000x\000e\000r\000.\000M\000o\000d\000e\000l\000s\000.\000U\000s\000e\000r\000M\000o\000d\000e\000l\000s\000\040\000N\000a\000m\000e\000s\000p\000a\000c\000e\000\040\000R\000e\000f\000e\000r\000e\000n\000c\000e}{chapter.4}% 13
\BOOKMARK [1][-]{section.4.7}{\376\377\0004\000.\0007\000\040\000U\000r\000b\000e\000x\000e\000r\000.\000S\000e\000r\000v\000i\000c\000e\000s\000\040\000N\000a\000m\000e\000s\000p\000a\000c\000e\000\040\000R\000e\000f\000e\000r\000e\000n\000c\000e}{chapter.4}% 14
\BOOKMARK [1][-]{section.4.8}{\376\377\0004\000.\0008\000\040\000U\000r\000b\000e\000x\000e\000r\000.\000V\000i\000e\000w\000M\000o\000d\000e\000l\000s\000\040\000N\000a\000m\000e\000s\000p\000a\000c\000e\000\040\000R\000e\000f\000e\000r\000e\000n\000c\000e}{chapter.4}% 15
\BOOKMARK [1][-]{section.4.9}{\376\377\0004\000.\0009\000\040\000U\000r\000b\000e\000x\000e\000r\000.\000V\000i\000e\000w\000M\000o\000d\000e\000l\000s\000.\000L\000o\000c\000a\000t\000i\000o\000n\000M\000o\000d\000e\000l\000s\000\040\000N\000a\000m\000e\000s\000p\000a\000c\000e\000\040\000R\000e\000f\000e\000r\000e\000n\000c\000e}{chapter.4}% 16
\BOOKMARK [1][-]{section.4.10}{\376\377\0004\000.\0001\0000\000\040\000U\000r\000b\000e\000x\000e\000r\000.\000V\000i\000e\000w\000s\000\040\000N\000a\000m\000e\000s\000p\000a\000c\000e\000\040\000R\000e\000f\000e\000r\000e\000n\000c\000e}{chapter.4}% 17
\BOOKMARK [1][-]{section.4.11}{\376\377\0004\000.\0001\0001\000\040\000U\000r\000b\000e\000x\000e\000r\000.\000V\000i\000e\000w\000s\000.\000L\000o\000c\000a\000t\000i\000o\000n\000V\000i\000e\000w\000s\000\040\000N\000a\000m\000e\000s\000p\000a\000c\000e\000\040\000R\000e\000f\000e\000r\000e\000n\000c\000e}{chapter.4}% 18
\BOOKMARK [0][-]{chapter.5}{\376\377\0005\000\040\000C\000l\000a\000s\000s\000\040\000D\000o\000c\000u\000m\000e\000n\000t\000a\000t\000i\000o\000n}{}% 19
\BOOKMARK [1][-]{section.5.1}{\376\377\0005\000.\0001\000\040\000U\000r\000b\000e\000x\000e\000r\000.\000M\000o\000d\000e\000l\000s\000.\000A\000p\000i\000M\000o\000d\000e\000l\000s\000.\000A\000P\000I\000C\000z\000y\000j\000e\000s\000O\000d\000w\000i\000e\000d\000z\000o\000n\000e\000\040\000C\000l\000a\000s\000s\000\040\000R\000e\000f\000e\000r\000e\000n\000c\000e}{chapter.5}% 20
\BOOKMARK [1][-]{section.5.2}{\376\377\0005\000.\0002\000\040\000U\000r\000b\000e\000x\000e\000r\000.\000M\000o\000d\000e\000l\000s\000.\000A\000p\000i\000M\000o\000d\000e\000l\000s\000.\000A\000P\000I\000e\000d\000y\000t\000u\000j\000P\000r\000o\000f\000i\000l\000\040\000C\000l\000a\000s\000s\000\040\000R\000e\000f\000e\000r\000e\000n\000c\000e}{chapter.5}% 21
\BOOKMARK [1][-]{section.5.3}{\376\377\0005\000.\0003\000\040\000U\000r\000b\000e\000x\000e\000r\000.\000M\000o\000d\000e\000l\000s\000.\000A\000p\000i\000M\000o\000d\000e\000l\000s\000.\000A\000P\000I\000L\000o\000c\000a\000t\000i\000o\000n\000\040\000C\000l\000a\000s\000s\000\040\000R\000e\000f\000e\000r\000e\000n\000c\000e}{chapter.5}% 22
\BOOKMARK [1][-]{section.5.4}{\376\377\0005\000.\0004\000\040\000U\000r\000b\000e\000x\000e\000r\000.\000M\000o\000d\000e\000l\000s\000.\000A\000p\000i\000M\000o\000d\000e\000l\000s\000.\000A\000P\000I\000P\000h\000o\000t\000o\000\040\000C\000l\000a\000s\000s\000\040\000R\000e\000f\000e\000r\000e\000n\000c\000e}{chapter.5}% 23
\BOOKMARK [1][-]{section.5.5}{\376\377\0005\000.\0005\000\040\000U\000r\000b\000e\000x\000e\000r\000.\000M\000o\000d\000e\000l\000s\000.\000A\000p\000i\000M\000o\000d\000e\000l\000s\000.\000A\000P\000I\000P\000r\000o\000f\000i\000l\000e\000\040\000C\000l\000a\000s\000s\000\040\000R\000e\000f\000e\000r\000e\000n\000c\000e}{chapter.5}% 24
\BOOKMARK [1][-]{section.5.6}{\376\377\0005\000.\0006\000\040\000U\000r\000b\000e\000x\000e\000r\000.\000M\000o\000d\000e\000l\000s\000.\000A\000p\000i\000M\000o\000d\000e\000l\000s\000.\000A\000P\000I\000R\000a\000n\000k\000i\000n\000g\000\040\000C\000l\000a\000s\000s\000\040\000R\000e\000f\000e\000r\000e\000n\000c\000e}{chapter.5}% 25
\BOOKMARK [1][-]{section.5.7}{\376\377\0005\000.\0007\000\040\000U\000r\000b\000e\000x\000e\000r\000.\000M\000o\000d\000e\000l\000s\000.\000A\000p\000i\000M\000o\000d\000e\000l\000s\000.\000A\000P\000I\000R\000e\000v\000i\000e\000w\000\040\000C\000l\000a\000s\000s\000\040\000R\000e\000f\000e\000r\000e\000n\000c\000e}{chapter.5}% 26
\BOOKMARK [1][-]{section.5.8}{\376\377\0005\000.\0008\000\040\000U\000r\000b\000e\000x\000e\000r\000.\000M\000o\000d\000e\000l\000s\000.\000A\000p\000p\000E\000x\000c\000e\000p\000t\000i\000o\000n\000\040\000C\000l\000a\000s\000s\000\040\000R\000e\000f\000e\000r\000e\000n\000c\000e}{chapter.5}% 27
\BOOKMARK [1][-]{section.5.9}{\376\377\0005\000.\0009\000\040\000U\000r\000b\000e\000x\000e\000r\000.\000V\000i\000e\000w\000M\000o\000d\000e\000l\000s\000.\000B\000a\000s\000e\000V\000i\000e\000w\000M\000o\000d\000e\000l\000\040\000C\000l\000a\000s\000s\000\040\000R\000e\000f\000e\000r\000e\000n\000c\000e}{chapter.5}% 28
\BOOKMARK [1][-]{section.5.10}{\376\377\0005\000.\0001\0000\000\040\000U\000r\000b\000e\000x\000e\000r\000.\000M\000o\000d\000e\000l\000s\000.\000A\000p\000i\000M\000o\000d\000e\000l\000s\000.\000C\000o\000n\000f\000i\000r\000m\000U\000s\000e\000r\000\040\000C\000l\000a\000s\000s\000\040\000R\000e\000f\000e\000r\000e\000n\000c\000e}{chapter.5}% 29
\BOOKMARK [1][-]{section.5.11}{\376\377\0005\000.\0001\0001\000\040\000U\000r\000b\000e\000x\000e\000r\000.\000S\000e\000r\000v\000i\000c\000e\000s\000.\000C\000o\000n\000n\000e\000c\000t\000i\000o\000n\000S\000e\000r\000v\000i\000c\000e\000\040\000C\000l\000a\000s\000s\000\040\000R\000e\000f\000e\000r\000e\000n\000c\000e}{chapter.5}% 30
\BOOKMARK [2][-]{subsection.5.11.1}{\376\377\0005\000.\0001\0001\000.\0001\000\040\000M\000e\000m\000b\000e\000r\000\040\000D\000a\000t\000a\000\040\000D\000o\000c\000u\000m\000e\000n\000t\000a\00